

*******************************************************************************
Mon Jun 17 16:24:51 2024


FIT:    data read from 'ux_cut_8.dat' u 0:8
        format = x:z
        #datapoints = 51
        residuals are weighted equally (unit weight)

function used for fitting: f(x)
	f(x)=a*exp(-b*x)
fitted parameters initialized with current variable values

iter      chisq       delta/lim  lambda   a             b            
   0 1.1645045659e-04   0.00e+00  4.95e-03    5.000000e-02   5.000000e+00
   7 3.2193781922e-13  -1.13e-02  4.95e-09    3.955200e-02   2.570026e+00

After 7 iterations the fit converged.
final sum of squares of residuals : 3.21938e-13
rel. change during last iteration : -1.12682e-07

degrees of freedom    (FIT_NDF)                        : 49
rms of residuals      (FIT_STDFIT) = sqrt(WSSR/ndf)    : 8.10565e-08
variance of residuals (reduced chisquare) = WSSR/ndf   : 6.57016e-15

Final set of parameters            Asymptotic Standard Error
=======================            ==========================
a               = 0.039552         +/- 8.106e-08    (0.0002049%)
b               = 2.57003          +/- 2.658e-05    (0.001034%)

correlation matrix of the fit parameters:
                a      b      
a               1.000 
b               0.076  1.000 


*******************************************************************************
Mon Jun 17 16:27:43 2024


FIT:    data read from 'ux_cut_8.dat' u 0:8
        format = x:z
        x range restricted to [0.00000 : 6.00000]
        #datapoints = 7
        residuals are weighted equally (unit weight)

function used for fitting: f(x)
	f(x)=a*exp(-b*x)
fitted parameters initialized with current variable values

iter      chisq       delta/lim  lambda   a             b            
   0 3.2193744699e-13   0.00e+00  1.08e-02    3.955200e-02   2.570026e+00
   1 3.2193744699e-13  -1.09e-08  1.08e-01    3.955200e-02   2.570026e+00

After 1 iterations the fit converged.
final sum of squares of residuals : 3.21937e-13
rel. change during last iteration : -1.08992e-13

degrees of freedom    (FIT_NDF)                        : 5
rms of residuals      (FIT_STDFIT) = sqrt(WSSR/ndf)    : 2.53747e-07
variance of residuals (reduced chisquare) = WSSR/ndf   : 6.43875e-14

Final set of parameters            Asymptotic Standard Error
=======================            ==========================
a               = 0.039552         +/- 2.537e-07    (0.0006415%)
b               = 2.57003          +/- 8.32e-05     (0.003237%)

correlation matrix of the fit parameters:
                a      b      
a               1.000 
b               0.076  1.000 


*******************************************************************************
Mon Jun 17 16:28:34 2024


FIT:    data read from 'ux_cut_8.dat' u 0:8
        format = x:z
        x range restricted to [0.00000 : 2.00000]
        #datapoints = 3
        residuals are weighted equally (unit weight)

function used for fitting: f(x)
	f(x)=a*exp(-b*x)
fitted parameters initialized with current variable values

iter      chisq       delta/lim  lambda   a             b            
   0 1.1108058471e-13   0.00e+00  1.65e-02    3.955200e-02   2.570026e+00
   3 1.1106490458e-13  -8.53e-04  1.65e-05    3.955200e-02   2.570028e+00

After 3 iterations the fit converged.
final sum of squares of residuals : 1.11065e-13
rel. change during last iteration : -8.52962e-09

degrees of freedom    (FIT_NDF)                        : 1
rms of residuals      (FIT_STDFIT) = sqrt(WSSR/ndf)    : 3.33264e-07
variance of residuals (reduced chisquare) = WSSR/ndf   : 1.11065e-13

Final set of parameters            Asymptotic Standard Error
=======================            ==========================
a               = 0.039552         +/- 3.333e-07    (0.0008426%)
b               = 2.57003          +/- 0.0001093    (0.004252%)

correlation matrix of the fit parameters:
                a      b      
a               1.000 
b               0.076  1.000 


*******************************************************************************
Mon Jun 17 16:29:06 2024


FIT:    data read from 'ux_cut_8.dat' u 0:8
        format = x:z
        x range restricted to [2.00000 : 5.00000]
        #datapoints = 4
        residuals are weighted equally (unit weight)

function used for fitting: f(x)
	f(x)=a*exp(-b*x)
fitted parameters initialized with current variable values

iter      chisq       delta/lim  lambda   a             b            
   0 3.1935120923e-13   0.00e+00  4.31e-04    3.955200e-02   2.570028e+00
   5 1.6506642756e-13  -4.10e-01  4.31e-09    3.880737e-02   2.559809e+00

After 5 iterations the fit converged.
final sum of squares of residuals : 1.65066e-13
rel. change during last iteration : -4.10313e-06

degrees of freedom    (FIT_NDF)                        : 2
rms of residuals      (FIT_STDFIT) = sqrt(WSSR/ndf)    : 2.87286e-07
variance of residuals (reduced chisquare) = WSSR/ndf   : 8.25332e-14

Final set of parameters            Asymptotic Standard Error
=======================            ==========================
a               = 0.0388074        +/- 0.001241     (3.199%)
b               = 2.55981          +/- 0.01597      (0.624%)

correlation matrix of the fit parameters:
                a      b      
a               1.000 
b               0.999  1.000 


*******************************************************************************
Mon Jun 17 22:15:03 2024


FIT:    data read from 'maxs.dat' u 1:2
        format = x:z
        #datapoints = 501
        residuals are weighted equally (unit weight)

function used for fitting: f(x)
fitted parameters initialized with current variable values



*******************************************************************************
Mon Jun 17 22:15:10 2024


FIT:    data read from 'maxs.dat' u 1:2
        format = x:z
        #datapoints = 501
        residuals are weighted equally (unit weight)

function used for fitting: f2(x)
	f2(x)=a*e^(-b*x*128*128)
fitted parameters initialized with current variable values



*******************************************************************************
Mon Jun 17 22:15:35 2024


FIT:    data read from 'maxs.dat' u 1:2
        format = x:z
        #datapoints = 501
        residuals are weighted equally (unit weight)

function used for fitting: f2(x)
	f2(x)=a*exp(-b*x*128*128)
fitted parameters initialized with current variable values

iter      chisq       delta/lim  lambda   a             b            
   0 2.4796435289e+01   0.00e+00  1.58e-01    5.000000e+00   2.000000e+00
BREAK: Singular matrix in Invert_RtR

*******************************************************************************
Mon Jun 17 22:18:11 2024


FIT:    data read from 'maxs.dat' u 1:2
        format = x:z
        #datapoints = 501
        residuals are weighted equally (unit weight)

function used for fitting: f2(x)
	f2(x)=a*exp(-b*x*(2*3.14/128)^2)
fitted parameters initialized with current variable values



*******************************************************************************
Mon Jun 17 22:18:26 2024


FIT:    data read from 'maxs.dat' u 1:2
        format = x:z
        #datapoints = 501
        residuals are weighted equally (unit weight)

function used for fitting: f2(x)
	f2(x)=a*exp(-b*x*(2*3.14/128)^2)
fitted parameters initialized with current variable values



*******************************************************************************
Mon Jun 17 22:18:47 2024


FIT:    data read from 'maxs.dat' u 1:2
        format = x:z
        #datapoints = 501
        residuals are weighted equally (unit weight)

function used for fitting: f2(x)
	f2(x)=a*exp(-b*x*(2*3.14/128)^2)
fitted parameters initialized with current variable values



*******************************************************************************
Mon Jun 17 22:19:06 2024


FIT:    data read from 'maxs.dat' u 1:2
        format = x:z
        #datapoints = 501
        residuals are weighted equally (unit weight)

function used for fitting: f2(x)
	f2(x)=a*exp(-b*x*(2*3,14/128)^2)
fitted parameters initialized with current variable values



*******************************************************************************
Mon Jun 17 22:22:15 2024


FIT:    data read from 'maxs.dat' u 1:2
        format = x:z
        #datapoints = 501
        residuals are weighted equally (unit weight)

function used for fitting: f2(x)
	f2(x)=a*exp(-b*x*(2*PI/128)^2)
fitted parameters initialized with current variable values



*******************************************************************************
Mon Jun 17 22:22:33 2024


FIT:    data read from 'maxs.dat' u 1:2
        format = x:z
        #datapoints = 501
        residuals are weighted equally (unit weight)

function used for fitting: f2(x)
	f2(x)=a*exp(-b*x*(2*PI/128)^2)
fitted parameters initialized with current variable values



*******************************************************************************
Mon Jun 17 22:22:50 2024


FIT:    data read from 'maxs.dat' u 1:2
        format = x:z
        #datapoints = 501
        residuals are weighted equally (unit weight)

function used for fitting: f2(x)
	f2(x)=a*exp(-b*x*(2*PI/128)*(2*PI/128))
fitted parameters initialized with current variable values

iter      chisq       delta/lim  lambda   a             b            
   0 1.8567877061e+01   0.00e+00  1.78e-01    1.000000e+00   1.000000e+00
   8 3.0494653653e-13  -1.10e-03  1.78e-07    3.997190e-02   1.666765e-01

After 8 iterations the fit converged.
final sum of squares of residuals : 3.04947e-13
rel. change during last iteration : -1.10271e-08

degrees of freedom    (FIT_NDF)                        : 499
rms of residuals      (FIT_STDFIT) = sqrt(WSSR/ndf)    : 2.47207e-08
variance of residuals (reduced chisquare) = WSSR/ndf   : 6.11115e-16

Final set of parameters            Asymptotic Standard Error
=======================            ==========================
a               = 0.0399719        +/- 3.322e-09    (8.312e-06%)
b               = 0.166677         +/- 2.226e-08    (1.335e-05%)

correlation matrix of the fit parameters:
                a      b      
a               1.000 
b               0.741  1.000 


*******************************************************************************
Mon Jun 17 22:23:44 2024


FIT:    data read from 'maxs.dat' u 1:3
        format = x:z
        #datapoints = 501
        residuals are weighted equally (unit weight)

function used for fitting: f3(x)
	f3(x)=a*exp(-b*x*(4*PI/128)*(4*PI/128))
fitted parameters initialized with current variable values

iter      chisq       delta/lim  lambda   a             b            
   0 2.2421595960e-07   0.00e+00  8.67e-03    3.997190e-02   1.666765e-01
   3 7.9239839732e-14  -6.51e-01  8.67e-06    3.988770e-02   1.666765e-01

After 3 iterations the fit converged.
final sum of squares of residuals : 7.92398e-14
rel. change during last iteration : -6.51296e-06

degrees of freedom    (FIT_NDF)                        : 499
rms of residuals      (FIT_STDFIT) = sqrt(WSSR/ndf)    : 1.26015e-08
variance of residuals (reduced chisquare) = WSSR/ndf   : 1.58797e-16

Final set of parameters            Asymptotic Standard Error
=======================            ==========================
a               = 0.0398877        +/- 3.144e-09    (7.883e-06%)
b               = 0.166676         +/- 1.875e-08    (1.125e-05%)

correlation matrix of the fit parameters:
                a      b      
a               1.000 
b               0.702  1.000 


*******************************************************************************
Mon Jun 17 22:24:46 2024


FIT:    data read from 'maxs.dat' u 1:3
        format = x:z
        x range restricted to [0.00000 : 450.000]
        #datapoints = 46
        residuals are weighted equally (unit weight)

function used for fitting: f3(x)
	f3(x)=a*exp(-b*x*(4*PI/128)*(4*PI/128))
fitted parameters initialized with current variable values

iter      chisq       delta/lim  lambda   a             b            
   0 3.6424037730e-14   0.00e+00  2.17e-02    3.988770e-02   1.666765e-01
   3 3.6077109047e-14  -5.63e-04  2.17e-05    3.988769e-02   1.666764e-01

After 3 iterations the fit converged.
final sum of squares of residuals : 3.60771e-14
rel. change during last iteration : -5.63228e-09

degrees of freedom    (FIT_NDF)                        : 44
rms of residuals      (FIT_STDFIT) = sqrt(WSSR/ndf)    : 2.86345e-08
variance of residuals (reduced chisquare) = WSSR/ndf   : 8.19934e-16

Final set of parameters            Asymptotic Standard Error
=======================            ==========================
a               = 0.0398877        +/- 9.75e-09     (2.444e-05%)
b               = 0.166676         +/- 1.198e-07    (7.185e-05%)

correlation matrix of the fit parameters:
                a      b      
a               1.000 
b               0.804  1.000 


*******************************************************************************
Mon Jun 17 22:27:15 2024


FIT:    data read from 'maxs.dat' u 1:5
        format = x:z
        x range restricted to [0.00000 : 100.000]
        #datapoints = 11
        residuals are weighted equally (unit weight)

function used for fitting: f5(x)
	f5(x)=a*exp(-b*x*(16*PI/128)*(16*PI/128))
fitted parameters initialized with current variable values

iter      chisq       delta/lim  lambda   a             b            
   0 6.7588315669e-06   0.00e+00  1.56e-02    3.988769e-02   1.666764e-01
   5 4.4015504736e-15  -7.34e-05  1.56e-07    3.823598e-02   1.666691e-01

After 5 iterations the fit converged.
final sum of squares of residuals : 4.40155e-15
rel. change during last iteration : -7.33731e-10

degrees of freedom    (FIT_NDF)                        : 9
rms of residuals      (FIT_STDFIT) = sqrt(WSSR/ndf)    : 2.21147e-08
variance of residuals (reduced chisquare) = WSSR/ndf   : 4.89061e-16

Final set of parameters            Asymptotic Standard Error
=======================            ==========================
a               = 0.038236         +/- 1.8e-08      (4.706e-05%)
b               = 0.166669         +/- 1.317e-07    (7.903e-05%)

correlation matrix of the fit parameters:
                a      b      
a               1.000 
b               0.625  1.000 


*******************************************************************************
Mon Jun 17 22:30:08 2024


FIT:    data read from 'maxs.dat' u 1:6
        format = x:z
        x range restricted to [0.00000 : 30.0000]
        #datapoints = 4
        residuals are weighted equally (unit weight)

function used for fitting: f6(x)
	f6(x)=a*exp(-b*x*(32*PI/128)*(32*PI/128))
fitted parameters initialized with current variable values

iter      chisq       delta/lim  lambda   a             b            
   0 2.7360464513e-05   0.00e+00  1.58e-02    3.823598e-02   1.666691e-01
   5 9.0689708049e-16  -8.39e-07  1.58e-01    3.334720e-02   1.665520e-01

After 5 iterations the fit converged.
final sum of squares of residuals : 9.06897e-16
rel. change during last iteration : -8.38597e-12

degrees of freedom    (FIT_NDF)                        : 2
rms of residuals      (FIT_STDFIT) = sqrt(WSSR/ndf)    : 2.12943e-08
variance of residuals (reduced chisquare) = WSSR/ndf   : 4.53449e-16

Final set of parameters            Asymptotic Standard Error
=======================            ==========================
a               = 0.0333472        +/- 2.114e-08    (6.338e-05%)
b               = 0.166552         +/- 2.387e-07    (0.0001433%)

correlation matrix of the fit parameters:
                a      b      
a               1.000 
b               0.339  1.000 


*******************************************************************************
Mon Jun 17 22:31:25 2024


FIT:    data read from 'maxs.dat' u 1:7
        format = x:z
        x range restricted to [0.00000 : 10.0000]
        #datapoints = 2
        residuals are weighted equally (unit weight)

function used for fitting: f7(x)
	f7(x)=a*exp(-b*x*(64*PI/128)*(64*PI/128))
fitted parameters initialized with current variable values

iter      chisq       delta/lim  lambda   a             b            
   0 2.1003783295e-04   0.00e+00  1.67e-02    3.334720e-02   1.665520e-01
  10 4.7019774033e-38   0.00e+00  1.67e-12    1.885620e-02   1.643386e-01

After 10 iterations the fit converged.
final sum of squares of residuals : 4.70198e-38
abs. change during last iteration : 0


Exactly as many data points as there are parameters.
In this degenerate case, all errors are zero by definition.

Final set of parameters 
======================= 

a               = 0.0188562      
b               = 0.164339       


*******************************************************************************
Mon Jun 17 22:31:31 2024


FIT:    data read from 'maxs.dat' u 1:7
        format = x:z
        x range restricted to [0.00000 : 9.00000]
BREAK: No data to fit

*******************************************************************************
Mon Jun 17 22:31:49 2024


FIT:    data read from 'maxs.dat' u 1:7
        format = x:z
        x range restricted to [0.00000 : 10.0000]
        #datapoints = 2
        residuals are weighted equally (unit weight)

function used for fitting: f7(x)
	f7(x)=a*exp(-b*x*(64*PI/128)*(64*PI/128))
fitted parameters initialized with current variable values

iter      chisq       delta/lim  lambda   a             b            
   0 4.7019774033e-38   0.00e+00  9.45e-03    1.885620e-02   1.643386e-01
   1 4.7019774033e-38   0.00e+00  9.45e-04    1.885620e-02   1.643386e-01

After 1 iterations the fit converged.
final sum of squares of residuals : 4.70198e-38
abs. change during last iteration : 0


Exactly as many data points as there are parameters.
In this degenerate case, all errors are zero by definition.

Final set of parameters 
======================= 

a               = 0.0188562      
b               = 0.164339       


*******************************************************************************
Mon Jun 17 22:32:40 2024


FIT:    data read from 'maxs.dat' u 1:8
        format = x:z
        x range restricted to [0.00000 : 4.00000]
BREAK: No data to fit